INFO__main__:Created Employee: John Smith - John.Smith@email.com
INFO__main__:Created Employee: Corey Schafer - Corey.Schafer@email.com
INFO__main__:Created Employee: John Smith - John.Smith@email.com
INFO__main__:Created Employee: Corey Schafer - Corey.Schafer@email.com
INFOemployee:Created Employee: John Smith - John.Smith@email.com
INFOemployee:Created Employee: Corey Schafer - Corey.Schafer@email.com
ERROR__main__:Zero division
Traceback (most recent call last):
  File "/home/andi/Documents/Machine-Learning-A-Z/logging/logging_basics.py", line 39, in divide
    result = x/y
ZeroDivisionError: division by zero
ERROR__main__:Zero division
Traceback (most recent call last):
  File "/home/andi/Documents/Machine-Learning-A-Z/logging/logging_basics.py", line 39, in divide
    result = x/y
ZeroDivisionError: division by zero
INFOemployee:Created Employee: John Smith - John.Smith@email.com
INFOemployee:Created Employee: Corey Schafer - Corey.Schafer@email.com
INFOemployee:Created Employee: John Smith - John.Smith@email.com
INFOemployee:Created Employee: Corey Schafer - Corey.Schafer@email.com
ERROR__main__:Zero division
Traceback (most recent call last):
  File "/home/andi/Documents/Machine-Learning-A-Z/logging/logging_basics.py", line 46, in divide
    result = x/y
ZeroDivisionError: division by zero
ERROR__main__:Zero division
Traceback (most recent call last):
  File "/home/andi/Documents/Machine-Learning-A-Z/logging/logging_basics.py", line 46, in divide
    result = x/y
ZeroDivisionError: division by zero
INFOemployee:Created Employee: John Smith - John.Smith@email.com
INFOemployee:Created Employee: Corey Schafer - Corey.Schafer@email.com
INFOemployee:Created Employee: John Smith - John.Smith@email.com
INFOemployee:Created Employee: Corey Schafer - Corey.Schafer@email.com
INFOemployee:Created Employee: John Smith - John.Smith@email.com
INFOemployee:Created Employee: Corey Schafer - Corey.Schafer@email.com
INFOemployee:Created Employee: John Smith - John.Smith@email.com
INFOemployee:Created Employee: Corey Schafer - Corey.Schafer@email.com
INFOemployee:Created Employee: John Smith - John.Smith@email.com
INFOemployee:Created Employee: Corey Schafer - Corey.Schafer@email.com
